<?xml version="1.0" encoding="UTF-8"?>
<testng-results skipped="0" failed="0" total="1" passed="1">
  <reporter-output>
  </reporter-output>
  <suite name="Default suite" duration-ms="91237" started-at="2020-12-17T04:49:19Z" finished-at="2020-12-17T04:50:51Z">
    <groups>
    </groups>
    <test name="Default test" duration-ms="91237" started-at="2020-12-17T04:49:19Z" finished-at="2020-12-17T04:50:51Z">
      <class name="Native.Demo1">
        <test-method status="PASS" signature="testcase5()[pri:0, instance:Native.Demo1@2d9d4f9d]" name="testcase5" duration-ms="91166" started-at="2020-12-17T10:19:19Z" finished-at="2020-12-17T10:20:51Z">
          <reporter-output>
          </reporter-output>
        </test-method> <!-- testcase5 -->
      </class> <!-- Native.Demo1 -->
    </test> <!-- Default test -->
  </suite> <!-- Default suite -->
</testng-results>
